<?xml version="1.0" encoding="UTF-8"?>
<coverage generated="1709682129637" clover="3.2.0">
  <project timestamp="1709682129637" name="All files">
    <metrics statements="4" coveredstatements="4" conditionals="0" coveredconditionals="0" methods="4" coveredmethods="4" elements="8" coveredelements="8" complexity="0" loc="4" ncloc="4" packages="1" files="1" classes="1"/>
    <file name="index.js" path="D:\Disciplinas Cread\Engenharia de Software II\Projeto_Jest\index.js">
      <metrics statements="4" coveredstatements="4" conditionals="0" coveredconditionals="0" methods="4" coveredmethods="4"/>
      <line num="1" count="1" type="stmt"/>
      <line num="2" count="1" type="stmt"/>
      <line num="3" count="1" type="stmt"/>
      <line num="4" count="1" type="stmt"/>
    </file>
  </project>
</coverage>
