{"D:\\Disciplinas Cread\\Engenharia de Software II\\Projeto_Jest\\index.js": {"path":"D:\\Disciplinas Cread\\Engenharia de Software II\\Projeto_Jest\\index.js","statementMap":{"0":{"start":{"line":1,"column":13},"end":{"line":1,"column":30}},"1":{"start":{"line":1,"column":25},"end":{"line":1,"column":30}},"2":{"start":{"line":2,"column":18},"end":{"line":2,"column":35}},"3":{"start":{"line":2,"column":30},"end":{"line":2,"column":35}},"4":{"start":{"line":3,"column":22},"end":{"line":3,"column":39}},"5":{"start":{"line":3,"column":34},"end":{"line":3,"column":39}},"6":{"start":{"line":4,"column":16},"end":{"line":4,"column":33}},"7":{"start":{"line":4,"column":28},"end":{"line":4,"column":33}}},"fnMap":{"0":{"name":"(anonymous_0)","decl":{"start":{"line":1,"column":13},"end":{"line":1,"column":14}},"loc":{"start":{"line":1,"column":25},"end":{"line":1,"column":30}},"line":1},"1":{"name":"(anonymous_1)","decl":{"start":{"line":2,"column":18},"end":{"line":2,"column":19}},"loc":{"start":{"line":2,"column":30},"end":{"line":2,"column":35}},"line":2},"2":{"name":"(anonymous_2)","decl":{"start":{"line":3,"column":22},"end":{"line":3,"column":23}},"loc":{"start":{"line":3,"column":34},"end":{"line":3,"column":39}},"line":3},"3":{"name":"(anonymous_3)","decl":{"start":{"line":4,"column":16},"end":{"line":4,"column":17}},"loc":{"start":{"line":4,"column":28},"end":{"line":4,"column":33}},"line":4}},"branchMap":{},"s":{"0":1,"1":1,"2":1,"3":1,"4":1,"5":1,"6":1,"7":1},"f":{"0":1,"1":1,"2":1,"3":1},"b":{},"_coverageSchema":"1a1c01bbd47fc00a2c39e90264f33305004495a9","hash":"63a36cea041f1061840a37b8c989e8757d0ac52d"}
}
